<?xml version="1.0" encoding="UTF-8"?>
<!-- Generated by org.testng.reporters.JUnitXMLReporter -->
<testsuite ignored="0" hostname="DESKTOP-PAVAN" failures="0" tests="6" name="Default test" time="56.41" errors="0" timestamp="2021-06-07T18:43:02 IST">
  <testcase classname="com.sgtesting.testNGdemo.Assign7" name="runPreconditions" time="11.094"/>
  <testcase classname="com.sgtesting.testNGdemo.Assign7" name="createCustomer" time="5.618"/>
  <testcase classname="com.sgtesting.testNGdemo.Assign7" name="createProject" time="4.259"/>
  <testcase classname="com.sgtesting.testNGdemo.Assign7" name="createTask" time="17.49"/>
  <testcase classname="com.sgtesting.testNGdemo.Assign7" name="deleteTask" time="17.471"/>
  <testcase classname="com.sgtesting.testNGdemo.Assign7" name="postrequistes" time="0.425"/>
</testsuite> <!-- Default test -->
