<?xml version="1.0" encoding="UTF-8"?>
<!-- Generated by org.testng.reporters.JUnitXMLReporter -->
<testsuite ignored="0" hostname="DESKTOP-PAVAN" failures="0" tests="63" name="Testing" time="356.568" errors="0" timestamp="2021-06-03T11:00:30 IST">
  <testcase classname="testNGdemo.Assign1" name="launchBrowser" time="6.08"/>
  <testcase classname="testNGdemo.Assign1" name="navigate" time="2.971"/>
  <testcase classname="testNGdemo.Assign1" name="login" time="4.494"/>
  <testcase classname="testNGdemo.Assign1" name="minimizeFlyOutWindow" time="0.111"/>
  <testcase classname="testNGdemo.Assign1" name="createUser" time="8.641"/>
  <testcase classname="testNGdemo.Assign1" name="deleteUser" time="7.342"/>
  <testcase classname="testNGdemo.Assign1" name="logout" time="0.307"/>
  <testcase classname="testNGdemo.Assign1" name="closeBrowser" time="0.321"/>
  <testcase classname="testNGdemo.Assign2" name="runPreconditions" time="11.217"/>
  <testcase classname="testNGdemo.Assign2" name="createUser" time="6.914"/>
  <testcase classname="testNGdemo.Assign2" name="modifyUser" time="0.014"/>
  <testcase classname="testNGdemo.Assign2" name="deleteUser" time="0.06"/>
  <testcase classname="testNGdemo.Assign2" name="postrequistes" time="1.299"/>
  <testcase classname="testNGdemo.Assign3" name="runPreconditions" time="11.564"/>
  <testcase classname="testNGdemo.Assign3" name="createCustomer" time="6.829"/>
  <testcase classname="testNGdemo.Assign3" name="deleteCustomer" time="6.37"/>
  <testcase classname="testNGdemo.Assign3" name="postrequistes" time="0.382"/>
  <testcase classname="testNGdemo.Assign4" name="runPreconditions" time="11.098"/>
  <testcase classname="testNGdemo.Assign4" name="createCustomer" time="10.964"/>
  <testcase classname="testNGdemo.Assign4" name="modifyCustomer" time="6.337"/>
  <testcase classname="testNGdemo.Assign4" name="deleteCustomer" time="8.494"/>
  <testcase classname="testNGdemo.Assign4" name="postrequistes" time="0.753"/>
  <testcase classname="testNGdemo.Assign5" name="runPreconditions" time="13.377"/>
  <testcase classname="testNGdemo.Assign5" name="createCustomer" time="5.834"/>
  <testcase classname="testNGdemo.Assign5" name="createProject" time="4.456"/>
  <testcase classname="testNGdemo.Assign5" name="deleteProject" time="8.43"/>
  <testcase classname="testNGdemo.Assign5" name="deleteCustomer" time="4.505"/>
  <testcase classname="testNGdemo.Assign5" name="postrequistes" time="0.94"/>
  <testcase classname="testNGdemo.Assign6" name="runPrerequisite" time="12.066"/>
  <testcase classname="testNGdemo.Assign6" name="createCustomer" time="6.234"/>
  <testcase classname="testNGdemo.Assign6" name="createProject" time="4.324"/>
  <testcase classname="testNGdemo.Assign6" name="modifyProject" time="6.384"/>
  <testcase classname="testNGdemo.Assign6" name="deleteProject" time="6.388"/>
  <testcase classname="testNGdemo.Assign6" name="deleteCustomer" time="4.406"/>
  <testcase classname="testNGdemo.Assign6" name="postrequistes" time="0.977"/>
  <testcase classname="testNGdemo.Assign7" name="runPreconditions" time="10.976"/>
  <testcase classname="testNGdemo.Assign7" name="createCustomer" time="5.941"/>
  <testcase classname="testNGdemo.Assign7" name="createProject" time="1.11"/>
  <testcase classname="testNGdemo.Assign7" name="createTask" time="1.173"/>
  <testcase classname="testNGdemo.Assign7" name="deleteTask" time="0.084"/>
  <testcase classname="testNGdemo.Assign7" name="postrequistes" time="1.283"/>
  <testcase classname="testNGdemo.Assign8" name="runPreconditions" time="10.891"/>
  <testcase classname="testNGdemo.Assign8" name="create3Users" time="13.67"/>
  <testcase classname="testNGdemo.Assign8" name="loginandlogoutuser1" time="9.837"/>
  <testcase classname="testNGdemo.Assign8" name="loginandlogoutuser2" time="6.833"/>
  <testcase classname="testNGdemo.Assign8" name="loginandlogoutuser3" time="8.478"/>
  <testcase classname="testNGdemo.Assign8" name="deleteUser" time="20.112"/>
  <testcase classname="testNGdemo.Assign8" name="postrequistes" time="1.535"/>
  <testcase classname="testNGdemo.Assign9" name="runPreconditions" time="17.706"/>
  <testcase classname="testNGdemo.Assign9" name="createUser1" time="7.115"/>
  <testcase classname="testNGdemo.Assign9" name="loginuser1" time="6.85"/>
  <testcase classname="testNGdemo.Assign9" name="createUser2" time="6.76"/>
  <testcase classname="testNGdemo.Assign9" name="loginuser2" time="6.001"/>
  <testcase classname="testNGdemo.Assign9" name="createUser3" time="10.249"/>
  <testcase classname="testNGdemo.Assign9" name="modifyUser1" time="1.183"/>
  <testcase classname="testNGdemo.Assign9" name="loginModifieduser1" time="1.161"/>
  <testcase classname="testNGdemo.Assign9" name="modifyUser2" time="1.085"/>
  <testcase classname="testNGdemo.Assign9" name="loginModifieduser2" time="1.132"/>
  <testcase classname="testNGdemo.Assign9" name="modifyUser3" time="1.098"/>
  <testcase classname="testNGdemo.Assign9" name="deleteuser3" time="3.227"/>
  <testcase classname="testNGdemo.Assign9" name="deleteuser2" time="3.181"/>
  <testcase classname="testNGdemo.Assign9" name="deleteuser1" time="3.279"/>
  <testcase classname="testNGdemo.Assign9" name="postrequistes" time="3.501"/>
</testsuite> <!-- Testing -->
