<?xml version="1.0" encoding="UTF-8"?>
<testng-results ignored="0" total="6" passed="6" failed="0" skipped="0">
  <reporter-output>
  </reporter-output>
  <suite started-at="2021-06-07T18:42:06 IST" name="Default suite" finished-at="2021-06-07T18:43:02 IST" duration-ms="56410">
    <groups>
    </groups>
    <test started-at="2021-06-07T18:42:06 IST" name="Default test" finished-at="2021-06-07T18:43:02 IST" duration-ms="56410">
      <class name="com.sgtesting.testNGdemo.Assign7">
        <test-method signature="runPreconditions()[pri:1, instance:com.sgtesting.testNGdemo.Assign7@306f16f3]" started-at="2021-06-07T18:42:06 IST" name="runPreconditions" finished-at="2021-06-07T18:42:17 IST" duration-ms="11094" status="PASS">
          <reporter-output>
          </reporter-output>
        </test-method> <!-- runPreconditions -->
        <test-method signature="createCustomer()[pri:2, instance:com.sgtesting.testNGdemo.Assign7@306f16f3]" started-at="2021-06-07T18:42:17 IST" name="createCustomer" finished-at="2021-06-07T18:42:23 IST" duration-ms="5618" status="PASS">
          <reporter-output>
          </reporter-output>
        </test-method> <!-- createCustomer -->
        <test-method signature="createProject()[pri:3, instance:com.sgtesting.testNGdemo.Assign7@306f16f3]" started-at="2021-06-07T18:42:23 IST" name="createProject" finished-at="2021-06-07T18:42:27 IST" duration-ms="4259" status="PASS">
          <reporter-output>
          </reporter-output>
        </test-method> <!-- createProject -->
        <test-method signature="createTask()[pri:4, instance:com.sgtesting.testNGdemo.Assign7@306f16f3]" started-at="2021-06-07T18:42:27 IST" name="createTask" finished-at="2021-06-07T18:42:44 IST" duration-ms="17490" status="PASS">
          <reporter-output>
          </reporter-output>
        </test-method> <!-- createTask -->
        <test-method signature="deleteTask()[pri:5, instance:com.sgtesting.testNGdemo.Assign7@306f16f3]" started-at="2021-06-07T18:42:44 IST" name="deleteTask" finished-at="2021-06-07T18:43:02 IST" duration-ms="17471" status="PASS">
          <reporter-output>
          </reporter-output>
        </test-method> <!-- deleteTask -->
        <test-method signature="postrequistes()[pri:6, instance:com.sgtesting.testNGdemo.Assign7@306f16f3]" started-at="2021-06-07T18:43:02 IST" name="postrequistes" finished-at="2021-06-07T18:43:02 IST" duration-ms="425" status="PASS">
          <reporter-output>
          </reporter-output>
        </test-method> <!-- postrequistes -->
      </class> <!-- com.sgtesting.testNGdemo.Assign7 -->
    </test> <!-- Default test -->
  </suite> <!-- Default suite -->
</testng-results>
